<?xml version="1.0" encoding="UTF-8"?>
<!-- Generated by org.testng.reporters.JUnitReportReporter -->
<testsuite hostname="jaychh1ld1" name="com.zoopla.testcases.zooplatestcase" tests="1" failures="0" timestamp="15 Jul 2019 07:59:01 GMT" time="45.168" errors="0">
  <testcase name="AddFacility" time="45.168" classname="com.zoopla.testcases.zooplatestcase"/>
</testsuite> <!-- com.zoopla.testcases.zooplatestcase -->
